Microsoft (R) Macro Assembler Version 5.00                  2/8/25 10:25:59
                                                             Page     1-1


				
pong.asm(22): warning A4085: End of file, no END directive
Microsoft (R) Macro Assembler Version 5.00                  2/8/25 10:25:59
                                                             Page     1-1


 0000				STACK SEGMENT PARA STACK 
 0000  0040[				DB 64 DUP(' ') 
	   20			
			 ]	
				
 0040				STACK ENDS 
				 
 0000				DATA SEGMENT PARA 'DATA' 
				 
 0000				DATA ENDS 
				 
 0000				CODE SEGMENT PARA 'CODE' 
					 
 0000					MAIN PROC FAR 
						 
 0000  B2 41					MOV DL, 'A' 
 0002  B4 06					MOV AH, 6H 
 0004  CD 21					INT 21H 
						 
 0006  CB					RET 
 0007					MAIN ENDP 
				 
 0007				CODE ENDS 
				ENDS 
pong.asm(21): error A2105: Expected: instruction or directive
				 
pong.asm(22): warning A4085: End of file, no END directive
Microsoft (R) Macro Assembler Version 5.00                  2/8/25 10:25:59
                                                             Symbols-1


Segments and Groups:

                N a m e         	Length	 Align	Combine Class

CODE . . . . . . . . . . . . . .  	0007	PARA	NONE	'CODE'
DATA . . . . . . . . . . . . . .  	0000	PARA	NONE	'DATA'
STACK  . . . . . . . . . . . . .  	0040	PARA	STACK	

Symbols:            

                N a m e         	Type	 Value	 Attr

MAIN . . . . . . . . . . . . . .  	F PROC	0000	CODE	Length = 0007

@FILENAME  . . . . . . . . . . .  	TEXT  pong		


     21 Source  Lines
     22 Total   Lines
      6 Symbols

  51260 + 465284 Bytes symbol space free

      1 Warning Errors
      2 Severe  Errors
